<?xml version="1.0" encoding="UTF-8"?>
<!-- Generated by org.testng.reporters.JUnitReportReporter -->
<testsuite hostname="DESKTOP-1MVVLM6" failures="0" tests="3" name="ap.PersonSetTest" time="0.025" errors="0" timestamp="2024-04-25T23:26:36 WEST" skipped="0">
  <testcase classname="ap.PersonSetTest" name="testAddPersonToFullSet" time="0.000"/>
  <testcase classname="ap.PersonSetTest" name="testAddPerson" time="0.000"/>
  <testcase classname="ap.PersonSetTest" name="testAddExistingPerson" time="0.025"/>
</testsuite> <!-- ap.PersonSetTest -->
