<?xml version="1.0" encoding="UTF-8"?>
<!-- Generated by org.testng.reporters.JUnitReportReporter -->
<testsuite hostname="DESKTOP-1MVVLM6" failures="0" tests="2" name="ap.StackTest" time="0.025" errors="0" timestamp="2024-04-25T23:10:49 WEST" skipped="0">
  <testcase classname="ap.StackTest" name="testPushWhenStackIsFull" time="0.000"/>
  <testcase classname="ap.StackTest" name="testPush" time="0.025"/>
</testsuite> <!-- ap.StackTest -->
